{"message":"Card with id 4 not found.","level":"error"}
{"message":"Card with id 3 not found.","level":"error"}
{"message":"Card with id 5 not found.","level":"error"}
{"message":"Unauthorized request to path: /bookmarks/0","level":"error"}
{"message":"Unauthorized request to path: /bookmarks/0","level":"error"}
{"message":"Unauthorized request to path: /bookmarks/0","level":"error"}
{"message":"Unauthorized request to path: /bookmarks/0","level":"error"}
{"message":"Unauthorized request to path: /bookmarks/0","level":"error"}
{"message":"Unauthorized request to path: /bookmarks","level":"error"}
{"message":"Unauthorized request to path: /bookmarks","level":"error"}
{"message":"Unauthorized request to path: /bookmarks","level":"error"}
{"message":"Card with id 4 not found.","level":"error"}
{"message":"Card with id 10 not found.","level":"error"}
{"message":"Unauthorized request to path: /bookmarks","level":"error"}
{"message":"Unauthorized request to path: /bookmark","level":"error"}
{"message":"Unauthorized request to path: /bookmarks","level":"error"}
{"message":"Unauthorized request to path: /bookmarks","level":"error"}
{"message":"Unauthorized request to path: /bookmarks","level":"error"}
{"message":"Unauthorized request to path: /bookmarks","level":"error"}
{"message":"Card with id 53325384-0402-40aa-8e11-624ce5e4ef23 created","level":"info"}
{"message":"Card with id 3bb5957e-b9ff-4365-8988-0f00592a99f3 created","level":"info"}
{"message":"Unauthorized request to path: /bookmarks/","level":"error"}
{"message":"Unauthorized request to path: /bookmarks/0","level":"error"}
{"message":"Bookmark with id 561ec868-8383-4b10-8b86-40882952d263 created","level":"info"}
{"message":"Bookmark with id cdd34220-b853-4083-9593-4e65e72300b5 created","level":"info"}
{"message":"Card with id 0 deleted.","level":"info"}
{"message":"Card with id 1 deleted.","level":"info"}
{"message":"Card with id 1 deleted.","level":"info"}
{"message":"Bookmark with id 1 not found","level":"error"}
{"message":"Card with id 0 deleted.","level":"info"}
{"message":"Card with id 0 deleted.","level":"info"}
{"message":"Title is required","level":"error"}
{"message":"Title is required","level":"error"}
{"message":"Title is required","level":"error"}
{"message":"Card with id 1 deleted.","level":"info"}
{"message":"Card with id 1 deleted.","level":"info"}
{"message":"Card with id 2 deleted.","level":"info"}
{"message":"Card with id 2 deleted.","level":"info"}
{"message":"Title is required","level":"error"}
{"message":"Bookmark with id 1b836b43-828d-43ff-99c1-a78886f5915a created","level":"info"}
{"message":"Card with id 1b836b43-828d-43ff-99c1-a78886f5915a deleted.","level":"info"}
{"message":"Unauthorized request to path: /","level":"error"}
{"message":"Unauthorized request to path: /","level":"error"}
{"message":"Unauthorized request to path: /favicon.ico","level":"error"}
{"message":"Unauthorized request to path: /bookmarks/","level":"error"}
{"message":"Unauthorized request to path: /bookmarks/","level":"error"}
{"message":"Unauthorized request to path: /bookmarks","level":"error"}
{"message":"Bookmark with id bdc94975-486f-4433-86d7-5324734e9fa4 created","level":"info"}
{"message":"Unauthorized request to path: /bookmarks/1b836b43-828d-43ff-99c1-a78886f5915a","level":"error"}
{"message":"Bookmark with id 1b836b43-828d-43ff-99c1-a78886f5915a not found","level":"error"}
{"message":"Card with id 1 deleted.","level":"info"}
{"message":"Unauthorized request to path: /","level":"error"}
{"message":"Unauthorized request to path: /bookmarks","level":"error"}
{"message":"Unauthorized request to path: /bookmarks","level":"error"}
{"message":"Unauthorized request to path: /bookmarks","level":"error"}
{"message":"Unauthorized request to path: /bookmarks","level":"error"}
{"message":"Unauthorized request to path: /bookmarks","level":"error"}
{"message":"Unauthorized request to path: /bookmarks","level":"error"}
{"message":"Unauthorized request to path: /bookmarks","level":"error"}
{"message":"Unauthorized request to path: /","level":"error"}
{"message":"Unauthorized request to path: /","level":"error"}
{"message":"Unauthorized request to path: /","level":"error"}
{"message":"Unauthorized request to path: /","level":"error"}
{"message":"Unauthorized request to path: /bookmark","level":"error"}
{"message":"Unauthorized request to path: /bookmarks","level":"error"}
{"message":"Unauthorized request to path: /bookmarks/","level":"error"}
{"message":"Unauthorized request to path: /bookmarks","level":"error"}
{"message":"Unauthorized request to path: /bookmarks","level":"error"}
{"message":"Unauthorized request to path: /bookmarks","level":"error"}
{"message":"Unauthorized request to path: /bookmarks","level":"error"}
{"message":"Unauthorized request to path: /bookmarks","level":"error"}
{"message":"Unauthorized request to path: /bookmarks","level":"error"}
{"message":"Unauthorized request to path: /bookmarks/bfa48e9b-8c29-4819-8ab2-dfcd239157dc","level":"error"}
{"message":"Unauthorized request to path: /bookmarks/bfa48e9b-8c29-4819-8ab2-dfcd239157dc","level":"error"}
{"message":"Unauthorized request to path: /bookmarks","level":"error"}
{"message":"database \"brandiherrera\" does not exist","level":"error"}
{"message":"Unauthorized request to path: /bookmarks/123","level":"error"}
{"message":"database \"brandiherrera\" does not exist","level":"error"}
{"message":"Unauthorized request to path: /bookmarks/bfa48e9b-8c29-4819-8ab2-dfcd239157dc","level":"error"}
{"message":"Bookmark with id bfa48e9b-8c29-4819-8ab2-dfcd239157dc deleted.","level":"info"}
{"message":"Unauthorized request to path: /bookmarks/doesnt-exist","level":"error"}
{"message":"Bookmark with id doesnt-exist not found.","level":"error"}
{"message":"Unauthorized request to path: /bookmarks","level":"error"}
{"message":"title is required","level":"error"}
{"message":"Unauthorized request to path: /bookmarks","level":"error"}
{"message":"url is required","level":"error"}
{"message":"Unauthorized request to path: /bookmarks","level":"error"}
{"message":"rating is required","level":"error"}
{"message":"Unauthorized request to path: /bookmarks","level":"error"}
{"message":"Invalid rating 'invalid' supplied","level":"error"}
{"message":"Unauthorized request to path: /bookmarks","level":"error"}
{"message":"Invalid url 'htp://invalid-url' supplied","level":"error"}
{"message":"Unauthorized request to path: /bookmarks","level":"error"}
{"message":"Bookmark with id de9b8be6-5ab4-480a-97fa-e9449996ffc5 created","level":"info"}
